<?xml version="1.0" encoding="UTF-8"?>
<!-- Generated by org.testng.reporters.JUnitReportReporter -->
<testsuite hostname="LAPTOP-D1O2GJ92" failures="0" tests="5" name="testRunners.TestNGCucuRunner" time="100.788" errors="0" timestamp="09 Jun 2020 09:28:37 GMT" skipped="0">
  <testcase classname="testRunners.TestNGCucuRunner" name="runScenario" time="15.096"/>
  <testcase classname="testRunners.TestNGCucuRunner" name="runScenario" time="18.438"/>
  <testcase classname="testRunners.TestNGCucuRunner" name="runScenario" time="25.017"/>
  <testcase classname="testRunners.TestNGCucuRunner" name="runScenario" time="18.636"/>
  <testcase classname="testRunners.TestNGCucuRunner" name="runScenario" time="23.601"/>
</testsuite> <!-- testRunners.TestNGCucuRunner -->
