<?xml version="1.0" encoding="UTF-8"?>
<!-- Generated by org.testng.reporters.JUnitReportReporter -->
<testsuite hostname="LAPTOP-D1O2GJ92" failures="0" tests="5" name="testRunners.TestNGCucuRunner" time="122.996" errors="0" timestamp="10 Jun 2020 11:04:01 GMT" skipped="0">
  <testcase classname="testRunners.TestNGCucuRunner" name="runScenario" time="24.475"/>
  <testcase classname="testRunners.TestNGCucuRunner" name="runScenario" time="24.792"/>
  <testcase classname="testRunners.TestNGCucuRunner" name="runScenario" time="24.557"/>
  <testcase classname="testRunners.TestNGCucuRunner" name="runScenario" time="24.475"/>
  <testcase classname="testRunners.TestNGCucuRunner" name="runScenario" time="24.697"/>
</testsuite> <!-- testRunners.TestNGCucuRunner -->
