<?xml version="1.0" encoding="UTF-8"?>
<!-- Generated by org.testng.reporters.JUnitReportReporter -->
<testsuite hostname="LAPTOP-D1O2GJ92" failures="0" tests="5" name="testRunners.TestNGCucuRunner" time="95.589" errors="0" timestamp="08 Jun 2020 13:34:01 GMT" skipped="0">
  <testcase classname="testRunners.TestNGCucuRunner" name="runScenario" time="16.544"/>
  <testcase classname="testRunners.TestNGCucuRunner" name="runScenario" time="18.582"/>
  <testcase classname="testRunners.TestNGCucuRunner" name="runScenario" time="18.927"/>
  <testcase classname="testRunners.TestNGCucuRunner" name="runScenario" time="22.757"/>
  <testcase classname="testRunners.TestNGCucuRunner" name="runScenario" time="18.779"/>
</testsuite> <!-- testRunners.TestNGCucuRunner -->
