<?xml version="1.0" encoding="UTF-8"?>
<!-- Generated by org.testng.reporters.JUnitReportReporter -->
<testsuite hostname="LAPTOP-D1O2GJ92" failures="0" tests="1" name="testRunners.TestNGCucuWithTags" time="12.781" errors="0" timestamp="11 Jun 2020 08:30:52 GMT" skipped="0">
  <testcase classname="testRunners.TestNGCucuWithTags" name="runScenario" time="12.781"/>
</testsuite> <!-- testRunners.TestNGCucuWithTags -->
