<?xml version="1.0" encoding="UTF-8"?>
<!-- Generated by org.testng.reporters.JUnitReportReporter -->
<testsuite hostname="LAPTOP-D1O2GJ92" failures="0" tests="5" name="testRunners.TestNGCucuRunner" time="90.289" errors="0" timestamp="08 Jun 2020 14:01:26 GMT" skipped="0">
  <testcase classname="testRunners.TestNGCucuRunner" name="runScenario" time="19.041"/>
  <testcase classname="testRunners.TestNGCucuRunner" name="runScenario" time="18.109"/>
  <testcase classname="testRunners.TestNGCucuRunner" name="runScenario" time="18.365"/>
  <testcase classname="testRunners.TestNGCucuRunner" name="runScenario" time="16.544"/>
  <testcase classname="testRunners.TestNGCucuRunner" name="runScenario" time="18.230"/>
</testsuite> <!-- testRunners.TestNGCucuRunner -->
