<?xml version="1.0" encoding="UTF-8"?>
<!-- Generated by org.testng.reporters.JUnitReportReporter -->
<testsuite hostname="LAPTOP-D1O2GJ92" failures="0" tests="5" name="testRunners.TestNGCucuRunner" time="90.816" errors="0" timestamp="11 Jun 2020 08:08:47 GMT" skipped="0">
  <testcase classname="testRunners.TestNGCucuRunner" name="runScenario" time="18.822"/>
  <testcase classname="testRunners.TestNGCucuRunner" name="runScenario" time="16.387"/>
  <testcase classname="testRunners.TestNGCucuRunner" name="runScenario" time="17.011"/>
  <testcase classname="testRunners.TestNGCucuRunner" name="runScenario" time="19.106"/>
  <testcase classname="testRunners.TestNGCucuRunner" name="runScenario" time="19.490"/>
</testsuite> <!-- testRunners.TestNGCucuRunner -->
