<?xml version="1.0" encoding="UTF-8"?>
<!-- Generated by org.testng.reporters.JUnitReportReporter -->
<testsuite hostname="LAPTOP-D1O2GJ92" failures="0" tests="5" name="testRunners.TestNGCucuRunner" time="120.639" errors="0" timestamp="11 Jun 2020 08:21:33 GMT" skipped="0">
  <testcase classname="testRunners.TestNGCucuRunner" name="runScenario" time="22.951"/>
  <testcase classname="testRunners.TestNGCucuRunner" name="runScenario" time="23.631"/>
  <testcase classname="testRunners.TestNGCucuRunner" name="runScenario" time="26.844"/>
  <testcase classname="testRunners.TestNGCucuRunner" name="runScenario" time="23.565"/>
  <testcase classname="testRunners.TestNGCucuRunner" name="runScenario" time="23.648"/>
</testsuite> <!-- testRunners.TestNGCucuRunner -->
