<?xml version="1.0" encoding="UTF-8"?>
<!-- Generated by org.testng.reporters.JUnitReportReporter -->
<testsuite hostname="LAPTOP-D1O2GJ92" failures="0" tests="1" name="testRunners.TestNGCucuWithTags" time="15.531" errors="0" timestamp="11 Jun 2020 09:17:12 GMT" skipped="0">
  <testcase classname="testRunners.TestNGCucuWithTags" name="runScenario" time="15.531"/>
</testsuite> <!-- testRunners.TestNGCucuWithTags -->
