<?xml version="1.0" encoding="UTF-8"?>
<!-- Generated by org.testng.reporters.JUnitReportReporter -->
<testsuite hostname="LAPTOP-D1O2GJ92" failures="0" tests="5" name="testRunners.TestNGCucuRunner" time="98.042" errors="0" timestamp="11 Jun 2020 09:17:12 GMT" skipped="0">
  <testcase classname="testRunners.TestNGCucuRunner" name="runScenario" time="18.470"/>
  <testcase classname="testRunners.TestNGCucuRunner" name="runScenario" time="18.700"/>
  <testcase classname="testRunners.TestNGCucuRunner" name="runScenario" time="19.819"/>
  <testcase classname="testRunners.TestNGCucuRunner" name="runScenario" time="20.366"/>
  <testcase classname="testRunners.TestNGCucuRunner" name="runScenario" time="20.687"/>
</testsuite> <!-- testRunners.TestNGCucuRunner -->
